Arguments: 
  C:\Program Files\nodejs\node.exe C:\Users\McGregor\AppData\Roaming\npm\node_modules\yarn\bin\yarn.js add vue-hot-reload-api

PATH: 
  C:\WINDOWS\system32;C:\WINDOWS;C:\WINDOWS\System32\Wbem;C:\WINDOWS\System32\WindowsPowerShell\v1.0;D:\MySQL\mysql-8.0.20-winx64;C:\Program Files\java\jdk1.8.0_121\bin;C:\Program Files\java\jdk1.8.0_121\jre\bin;C:\Program Files\nodejs;C:\Users\McGregor\AppData\Roaming\nvm;C:\Users\McGregor\AppData\Roaming\npm\pnpm-global;C:\Users\McGregor\AppData\Local\Programs\Microsoft VS Code\bin;C:\Users\McGregor\AppData\Local\Yarn\Data\global;C:\UsersMcGregor\AppData\Local\Yarn\bin;C:\Users\McGregor\AppData\Roaming\nvm\v12.16.2;C:\Users\McGregor\AppData\Roaming\npm;C:\Program Files\Git\cmd;C:\Users\McGregor\AppData\Local\Microsoft\WindowsApps;C:\Users\McGregor\AppData\Local\Yarn\bin;C:\Users\McGregor\AppData\Local\Yarn;C:\Users\McGregor\AppData\Local\Yarn\Data\global;C:\Users\McGregor\AppData\Roaming\nvm;C:\Program Files\nodejs;C:\Users\McGregor\AppData\Roaming\npm\pnpm-global;C:\Users\McGregor\AppData\Local\Programs\Microsoft VS Code\bin;C:\Users\McGregor\AppData\Roaming\npm;

Yarn version: 
  1.22.4

Node version: 
  10.20.1

Platform: 
  win32 x64

Trace: 
  Error: EPERM: operation not permitted, unlink 'C:\Users\McGregor\Desktop\gulu-demo\node_modules\deasync\bin\win32-x64-node-10\deasync.node'

npm manifest: 
  {
    "name": "gulu",
    "version": "1.0.0",
    "description": "这一个UI框架",
    "main": "index.js",
    "scripts": {
      "test": "echo \"Error: no test specified\" && exit 1"
    },
    "repository": {
      "type": "git",
      "url": "git+https://github.com/McGorger/Gulu-UI.git"
    },
    "keywords": [
      "vue",
      "ui"
    ],
    "author": "zhu、",
    "license": "MIT",
    "bugs": {
      "url": "https://github.com/McGorger/Gulu-UI/issues"
    },
    "homepage": "https://github.com/McGorger/Gulu-UI#readme",
    "dependencies": {
      "@vue/component-compiler-utils": "^3.2.0",
      "vue": "^2.6.11"
    },
    "devDependencies": {
      "chai-spies": "^1.0.0",
      "parcel-bundler": "^1.12.4"
    },
    "alias": {
      "vue": "./node_modules/vue/dist/vue.common.js"
    }
  }

yarn manifest: 
  No manifest

Lockfile: 
  No lockfile
